  vector.cpp
D:\CPP_Code\5_18复习\vector容器使用\vector.cpp(40,2): error C2679: 二元“<<”: 没有找到接受“std::vector<char,std::allocator<char>>”类型的右操作数的运算符(或没有可接受的转换)
R:\Develop\VS2022IDE\VC\Tools\MSVC\14.35.32215\include\ostream(475,39): message : 可能是“std::basic_ostream<char,std::char_traits<char>> &std::basic_ostream<char,std::char_traits<char>>::operator <<(std::basic_streambuf<char,std::char_traits<char>> *)”
R:\Develop\VS2022IDE\VC\Tools\MSVC\14.35.32215\include\ostream(443,39): message : 或    “std::basic_ostream<char,std::char_traits<char>> &std::basic_ostream<char,std::char_traits<char>>::operator <<(const void *)”
R:\Develop\VS2022IDE\VC\Tools\MSVC\14.35.32215\include\ostream(425,39): message : 或    “std::basic_ostream<char,std::char_traits<char>> &std::basic_ostream<char,std::char_traits<char>>::operator <<(long double)”
R:\Develop\VS2022IDE\VC\Tools\MSVC\14.35.32215\include\ostream(407,39): message : 或    “std::basic_ostream<char,std::char_traits<char>> &std::basic_ostream<char,std::char_traits<char>>::operator <<(double)”
R:\Develop\VS2022IDE\VC\Tools\MSVC\14.35.32215\include\ostream(389,39): message : 或    “std::basic_ostream<char,std::char_traits<char>> &std::basic_ostream<char,std::char_traits<char>>::operator <<(float)”
R:\Develop\VS2022IDE\VC\Tools\MSVC\14.35.32215\include\ostream(371,39): message : 或    “std::basic_ostream<char,std::char_traits<char>> &std::basic_ostream<char,std::char_traits<char>>::operator <<(unsigned __int64)”
R:\Develop\VS2022IDE\VC\Tools\MSVC\14.35.32215\include\ostream(353,39): message : 或    “std::basic_ostream<char,std::char_traits<char>> &std::basic_ostream<char,std::char_traits<char>>::operator <<(__int64)”
R:\Develop\VS2022IDE\VC\Tools\MSVC\14.35.32215\include\ostream(335,39): message : 或    “std::basic_ostream<char,std::char_traits<char>> &std::basic_ostream<char,std::char_traits<char>>::operator <<(unsigned long)”
R:\Develop\VS2022IDE\VC\Tools\MSVC\14.35.32215\include\ostream(317,39): message : 或    “std::basic_ostream<char,std::char_traits<char>> &std::basic_ostream<char,std::char_traits<char>>::operator <<(long)”
R:\Develop\VS2022IDE\VC\Tools\MSVC\14.35.32215\include\ostream(298,39): message : 或    “std::basic_ostream<char,std::char_traits<char>> &std::basic_ostream<char,std::char_traits<char>>::operator <<(unsigned int)”
R:\Develop\VS2022IDE\VC\Tools\MSVC\14.35.32215\include\ostream(272,39): message : 或    “std::basic_ostream<char,std::char_traits<char>> &std::basic_ostream<char,std::char_traits<char>>::operator <<(int)”
R:\Develop\VS2022IDE\VC\Tools\MSVC\14.35.32215\include\ostream(253,39): message : 或    “std::basic_ostream<char,std::char_traits<char>> &std::basic_ostream<char,std::char_traits<char>>::operator <<(unsigned short)”
R:\Develop\VS2022IDE\VC\Tools\MSVC\14.35.32215\include\ostream(219,39): message : 或    “std::basic_ostream<char,std::char_traits<char>> &std::basic_ostream<char,std::char_traits<char>>::operator <<(short)”
R:\Develop\VS2022IDE\VC\Tools\MSVC\14.35.32215\include\ostream(201,39): message : 或    “std::basic_ostream<char,std::char_traits<char>> &std::basic_ostream<char,std::char_traits<char>>::operator <<(bool)”
R:\Develop\VS2022IDE\VC\Tools\MSVC\14.35.32215\include\ostream(195,39): message : 或    “std::basic_ostream<char,std::char_traits<char>> &std::basic_ostream<char,std::char_traits<char>>::operator <<(std::ios_base &(__cdecl *)(std::ios_base &))”
R:\Develop\VS2022IDE\VC\Tools\MSVC\14.35.32215\include\ostream(189,39): message : 或    “std::basic_ostream<char,std::char_traits<char>> &std::basic_ostream<char,std::char_traits<char>>::operator <<(std::basic_ios<char,std::char_traits<char>> &(__cdecl *)(std::basic_ios<char,std::char_traits<char>> &))”
R:\Develop\VS2022IDE\VC\Tools\MSVC\14.35.32215\include\ostream(184,39): message : 或    “std::basic_ostream<char,std::char_traits<char>> &std::basic_ostream<char,std::char_traits<char>>::operator <<(std::basic_ostream<char,std::char_traits<char>> &(__cdecl *)(std::basic_ostream<char,std::char_traits<char>> &))”
R:\Develop\VS2022IDE\VC\Tools\MSVC\14.35.32215\include\ostream(1075,32): message : 或    “std::basic_ostream<_Elem,_Traits> &std::operator <<(std::basic_ostream<_Elem,_Traits> &,const std::error_code &)”
D:\CPP_Code\5_18复习\vector容器使用\vector.cpp(40,10): message : “初始化”: 无法从“std::vector<char,std::allocator<char>>”转换为“const std::error_code &”
D:\CPP_Code\5_18复习\vector容器使用\vector.cpp(40,10): message : 原因如下: 无法从“std::vector<char,std::allocator<char>>”转换为“const std::error_code”
D:\CPP_Code\5_18复习\vector容器使用\vector.cpp(40,10): message : 没有可用于执行该转换的用户定义的转换运算符，或者无法调用该运算符
R:\Develop\VS2022IDE\VC\Tools\MSVC\14.35.32215\include\ostream(998,9): message : 或    “_Ostr &&std::operator <<(_Ostr &&,const _Ty &)”
D:\CPP_Code\5_18复习\vector容器使用\vector.cpp(40): message : “_Ostr &&std::operator <<(_Ostr &&,const _Ty &)”: 无法推导“__formal”的 模板 参数
R:\Develop\VS2022IDE\VC\Tools\MSVC\14.35.32215\include\ostream(940,31): message : 或    “std::basic_ostream<char,_Traits> &std::operator <<(std::basic_ostream<char,_Traits> &,unsigned char)”
D:\CPP_Code\5_18复习\vector容器使用\vector.cpp(40,10): message : “初始化”: 无法从“std::vector<char,std::allocator<char>>”转换为“unsigned char”
D:\CPP_Code\5_18复习\vector容器使用\vector.cpp(40,10): message : 没有可用于执行该转换的用户定义的转换运算符，或者无法调用该运算符
R:\Develop\VS2022IDE\VC\Tools\MSVC\14.35.32215\include\ostream(934,31): message : 或    “std::basic_ostream<char,_Traits> &std::operator <<(std::basic_ostream<char,_Traits> &,const unsigned char *)”
D:\CPP_Code\5_18复习\vector容器使用\vector.cpp(40,10): message : “初始化”: 无法从“std::vector<char,std::allocator<char>>”转换为“const unsigned char *”
D:\CPP_Code\5_18复习\vector容器使用\vector.cpp(40,10): message : 没有可用于执行该转换的用户定义的转换运算符，或者无法调用该运算符
R:\Develop\VS2022IDE\VC\Tools\MSVC\14.35.32215\include\ostream(929,31): message : 或    “std::basic_ostream<char,_Traits> &std::operator <<(std::basic_ostream<char,_Traits> &,signed char)”
D:\CPP_Code\5_18复习\vector容器使用\vector.cpp(40,10): message : “初始化”: 无法从“std::vector<char,std::allocator<char>>”转换为“signed char”
D:\CPP_Code\5_18复习\vector容器使用\vector.cpp(40,10): message : 没有可用于执行该转换的用户定义的转换运算符，或者无法调用该运算符
R:\Develop\VS2022IDE\VC\Tools\MSVC\14.35.32215\include\ostream(923,31): message : 或    “std::basic_ostream<char,_Traits> &std::operator <<(std::basic_ostream<char,_Traits> &,const signed char *)”
D:\CPP_Code\5_18复习\vector容器使用\vector.cpp(40,10): message : “初始化”: 无法从“std::vector<char,std::allocator<char>>”转换为“const signed char *”
D:\CPP_Code\5_18复习\vector容器使用\vector.cpp(40,10): message : 没有可用于执行该转换的用户定义的转换运算符，或者无法调用该运算符
R:\Develop\VS2022IDE\VC\Tools\MSVC\14.35.32215\include\ostream(887,32): message : 或    “std::basic_ostream<_Elem,_Traits> &std::operator <<(std::basic_ostream<_Elem,_Traits> &,_Elem)”
D:\CPP_Code\5_18复习\vector容器使用\vector.cpp(40,2): message : “std::basic_ostream<_Elem,_Traits> &std::operator <<(std::basic_ostream<_Elem,_Traits> &,_Elem)”: 模板 参数“_Elem”不明确
D:\CPP_Code\5_18复习\vector容器使用\vector.cpp(40,2): message : 可能是“std::vector<char,std::allocator<char>>”
D:\CPP_Code\5_18复习\vector容器使用\vector.cpp(40,2): message : 或    “char”
D:\CPP_Code\5_18复习\vector容器使用\vector.cpp(40,2): message : “std::basic_ostream<_Elem,_Traits> &std::operator <<(std::basic_ostream<_Elem,_Traits> &,_Elem)”: 无法从“std::vector<char,std::allocator<char>>”推导出“_Elem”的 模板 参数
R:\Develop\VS2022IDE\VC\Tools\MSVC\14.35.32215\include\ostream(844,32): message : 或    “std::basic_ostream<_Elem,_Traits> &std::operator <<(std::basic_ostream<_Elem,_Traits> &,const _Elem *)”
D:\CPP_Code\5_18复习\vector容器使用\vector.cpp(40,2): message : “std::basic_ostream<_Elem,_Traits> &std::operator <<(std::basic_ostream<_Elem,_Traits> &,const _Elem *)”: 无法从“std::vector<char,std::allocator<char>>”推导出“const _Elem *”的 模板 参数
R:\Develop\VS2022IDE\VC\Tools\MSVC\14.35.32215\include\ostream(806,31): message : 或    “std::basic_ostream<char,_Traits> &std::operator <<(std::basic_ostream<char,_Traits> &,char)”
D:\CPP_Code\5_18复习\vector容器使用\vector.cpp(40,10): message : “初始化”: 无法从“std::vector<char,std::allocator<char>>”转换为“char”
D:\CPP_Code\5_18复习\vector容器使用\vector.cpp(40,10): message : 没有可用于执行该转换的用户定义的转换运算符，或者无法调用该运算符
R:\Develop\VS2022IDE\VC\Tools\MSVC\14.35.32215\include\ostream(761,31): message : 或    “std::basic_ostream<char,_Traits> &std::operator <<(std::basic_ostream<char,_Traits> &,const char *)”
D:\CPP_Code\5_18复习\vector容器使用\vector.cpp(40,10): message : “初始化”: 无法从“std::vector<char,std::allocator<char>>”转换为“const char *”
D:\CPP_Code\5_18复习\vector容器使用\vector.cpp(40,10): message : 没有可用于执行该转换的用户定义的转换运算符，或者无法调用该运算符
R:\Develop\VS2022IDE\VC\Tools\MSVC\14.35.32215\include\ostream(725,32): message : 或    “std::basic_ostream<_Elem,_Traits> &std::operator <<(std::basic_ostream<_Elem,_Traits> &,char)”
D:\CPP_Code\5_18复习\vector容器使用\vector.cpp(40,10): message : “初始化”: 无法从“std::vector<char,std::allocator<char>>”转换为“char”
D:\CPP_Code\5_18复习\vector容器使用\vector.cpp(40,10): message : 没有可用于执行该转换的用户定义的转换运算符，或者无法调用该运算符
R:\Develop\VS2022IDE\VC\Tools\MSVC\14.35.32215\include\ostream(681,32): message : 或    “std::basic_ostream<_Elem,_Traits> &std::operator <<(std::basic_ostream<_Elem,_Traits> &,const char *)”
D:\CPP_Code\5_18复习\vector容器使用\vector.cpp(40,10): message : “初始化”: 无法从“std::vector<char,std::allocator<char>>”转换为“const char *”
D:\CPP_Code\5_18复习\vector容器使用\vector.cpp(40,10): message : 没有可用于执行该转换的用户定义的转换运算符，或者无法调用该运算符
R:\Develop\VS2022IDE\VC\Tools\MSVC\14.35.32215\include\memory(3557,32): message : 或    “std::basic_ostream<_Elem,_Traits> &std::operator <<(std::basic_ostream<_Elem,_Traits> &,const std::unique_ptr<_Ty2,_Dx2> &)”
D:\CPP_Code\5_18复习\vector容器使用\vector.cpp(40,2): message : “std::basic_ostream<_Elem,_Traits> &std::operator <<(std::basic_ostream<_Elem,_Traits> &,const std::unique_ptr<_Ty2,_Dx2> &)”: 无法从“std::vector<char,std::allocator<char>>”推导出“const std::unique_ptr<_Ty2,_Dx2> &”的 模板 参数
R:\Develop\VS2022IDE\VC\Tools\MSVC\14.35.32215\include\memory(1875,32): message : 或    “std::basic_ostream<_Elem,_Traits> &std::operator <<(std::basic_ostream<_Elem,_Traits> &,const std::shared_ptr<_Ty> &)”
D:\CPP_Code\5_18复习\vector容器使用\vector.cpp(40,2): message : “std::basic_ostream<_Elem,_Traits> &std::operator <<(std::basic_ostream<_Elem,_Traits> &,const std::shared_ptr<_Ty> &)”: 无法从“std::vector<char,std::allocator<char>>”推导出“const std::shared_ptr<_Ty> &”的 模板 参数
R:\Develop\VS2022IDE\VC\Tools\MSVC\14.35.32215\include\xstring(5366,32): message : 或    “std::basic_ostream<_Elem,_Traits> &std::operator <<(std::basic_ostream<_Elem,_Traits> &,const std::basic_string<_Elem,_Traits,_Alloc> &)”
D:\CPP_Code\5_18复习\vector容器使用\vector.cpp(40,2): message : “std::basic_ostream<_Elem,_Traits> &std::operator <<(std::basic_ostream<_Elem,_Traits> &,const std::basic_string<_Elem,_Traits,_Alloc> &)”: 无法从“std::vector<char,std::allocator<char>>”推导出“const std::basic_string<_Elem,_Traits,_Alloc> &”的 模板 参数
D:\CPP_Code\5_18复习\vector容器使用\vector.cpp(40,2): message : 尝试匹配参数列表“(std::ostream, std::vector<char,std::allocator<char>>)”时
