d:\cpp_code\仿绘图软件1.0\仿绘图软件1.0\x64\debug\vc143.pdb
d:\cpp_code\仿绘图软件1.0\仿绘图软件1.0\x64\debug\vc143.idb
d:\cpp_code\仿绘图软件1.0\仿绘图软件1.0\x64\debug\main.obj
d:\cpp_code\仿绘图软件1.0\仿绘图软件1.0\x64\debug\tool.obj
d:\cpp_code\仿绘图软件1.0\仿绘图软件1.0\x64\debug\rect.obj
d:\cpp_code\仿绘图软件1.0\仿绘图软件1.0\x64\debug\point.obj
d:\cpp_code\仿绘图软件1.0\仿绘图软件1.0\x64\debug\global.obj
d:\cpp_code\仿绘图软件1.0\x64\debug\仿绘图软件1.0.pdb
d:\cpp_code\仿绘图软件1.0\仿绘图软件1.0\x64\debug\仿绘图软件1.0.tlog\cl.command.1.tlog
d:\cpp_code\仿绘图软件1.0\仿绘图软件1.0\x64\debug\仿绘图软件1.0.tlog\cl.read.1.tlog
d:\cpp_code\仿绘图软件1.0\仿绘图软件1.0\x64\debug\仿绘图软件1.0.tlog\cl.write.1.tlog
d:\cpp_code\仿绘图软件1.0\仿绘图软件1.0\x64\debug\仿绘图软件1.0.tlog\link.23952-cvtres.read.1.tlog
d:\cpp_code\仿绘图软件1.0\仿绘图软件1.0\x64\debug\仿绘图软件1.0.tlog\link.23952-cvtres.write.1.tlog
d:\cpp_code\仿绘图软件1.0\仿绘图软件1.0\x64\debug\仿绘图软件1.0.tlog\link.23952-rc.read.1.tlog
d:\cpp_code\仿绘图软件1.0\仿绘图软件1.0\x64\debug\仿绘图软件1.0.tlog\link.23952-rc.write.1.tlog
d:\cpp_code\仿绘图软件1.0\仿绘图软件1.0\x64\debug\仿绘图软件1.0.tlog\link.23952.read.1.tlog
d:\cpp_code\仿绘图软件1.0\仿绘图软件1.0\x64\debug\仿绘图软件1.0.tlog\link.23952.read.2.tlog
d:\cpp_code\仿绘图软件1.0\仿绘图软件1.0\x64\debug\仿绘图软件1.0.tlog\link.23952.write.1.tlog
d:\cpp_code\仿绘图软件1.0\仿绘图软件1.0\x64\debug\仿绘图软件1.0.tlog\link.command.1.tlog
d:\cpp_code\仿绘图软件1.0\仿绘图软件1.0\x64\debug\仿绘图软件1.0.tlog\link.read.1.tlog
d:\cpp_code\仿绘图软件1.0\仿绘图软件1.0\x64\debug\仿绘图软件1.0.tlog\link.write.1.tlog
